<?xml version="1.0" encoding="UTF-8" ?>
<testsuite tests="10" failures="0" name="_1irda.socket.models.db.ListAuthTest" time="0" errors="0" skipped="0">
  <properties>
    <property name="idea.version" value="2021.3"/>
    <property name="java.runtime.name" value="OpenJDK Runtime Environment"/>
    <property name="java.vm.version" value="17.0.1+12-39"/>
    <property name="sun.boot.library.path" value="C:\Users\garro\.jdks\openjdk-17.0.1\bin"/>
    <property name="maven.multiModuleProjectDirectory" value="D:\sockets\socket-bll"/>
    <property name="java.vm.vendor" value="Oracle Corporation"/>
    <property name="java.vendor.url" value="https://java.oracle.com/"/>
    <property name="guice.disable.misplaced.annotation.check" value="true"/>
    <property name="path.separator" value=";"/>
    <property name="java.vm.name" value="OpenJDK 64-Bit Server VM"/>
    <property name="sun.os.patch.level" value=""/>
    <property name="user.script" value=""/>
    <property name="user.country" value="FR"/>
    <property name="sun.java.launcher" value="SUN_STANDARD"/>
    <property name="java.vm.specification.name" value="Java Virtual Machine Specification"/>
    <property name="user.dir" value="D:\sockets\socket-bll"/>
    <property name="java.vm.compressedOopsMode" value="32-bit"/>
    <property name="java.runtime.version" value="17.0.1+12-39"/>
    <property name="os.arch" value="amd64"/>
    <property name="java.io.tmpdir" value="C:\Users\garro\AppData\Local\Temp\"/>
    <property name="line.separator" value="
"/>
    <property name="java.vm.specification.vendor" value="Oracle Corporation"/>
    <property name="user.variant" value=""/>
    <property name="os.name" value="Windows 10"/>
    <property name="maven.ext.class.path" value="C:\Users\garro\AppData\Local\JetBrains\Toolbox\apps\IDEA-U\ch-0\213.5744.223\plugins\maven\lib\maven-event-listener.jar"/>
    <property name="classworlds.conf" value="C:\Users\garro\AppData\Local\JetBrains\Toolbox\apps\IDEA-U\ch-0\213.5744.223\plugins\maven\lib\maven3\bin\m2.conf"/>
    <property name="sun.jnu.encoding" value="Cp1252"/>
    <property name="java.library.path" value="C:\Users\garro\.jdks\openjdk-17.0.1\bin;C:\WINDOWS\Sun\Java\bin;C:\WINDOWS\system32;C:\WINDOWS;D:\Python3.9\Scripts\;D:\Python3.9\;C:\Program Files\Microsoft MPI\Bin\;C:\Program Files (x86)\Intel\Intel(R) Management Engine Components\iCLS\;C:\Program Files\Intel\Intel(R) Management Engine Components\iCLS\;C:\Windows\system32;C:\Windows;C:\Windows\System32\Wbem;C:\Windows\System32\WindowsPowerShell\v1.0\;C:\Program Files (x86)\NVIDIA Corporation\PhysX\Common;C:\Program Files (x86)\Intel\Intel(R) Management Engine Components\DAL;C:\Program Files\Intel\Intel(R) Management Engine Components\DAL;C:\Program Files (x86)\Intel\Intel(R) Management Engine Components\IPT;C:\Program Files\Intel\Intel(R) Management Engine Components\IPT;C:\WINDOWS\system32;C:\WINDOWS;C:\WINDOWS\System32\Wbem;C:\WINDOWS\System32\WindowsPowerShell\v1.0\;C:\WINDOWS\System32\OpenSSH\;C:\Program Files\dotnet\;C:\MinGW\bin;C:\Program Files\Java\jdk-14\bin;C:\Program Files\Intel\WiFi\bin\;C:\Program Files\Common Files\Intel\WirelessCommon\;C:\Program Files\NVIDIA Corporation\NVIDIA NvDLISR;C:\WINDOWS\system32;C:\WINDOWS;C:\WINDOWS\System32\Wbem;C:\WINDOWS\System32\WindowsPowerShell\v1.0\;C:\WINDOWS\System32\OpenSSH\;C:\Program Files\Microsoft SQL Server\Client SDK\ODBC\170\Tools\Binn\;C:\Program Files\Php;C:\ProgramData\chocolatey\bin;D:\Git\cmd;C:\Program Files (x86)\Microsoft SQL Server\150\Tools\Binn\;C:\Program Files\Microsoft SQL Server\150\Tools\Binn\;C:\Program Files\Microsoft SQL Server\150\DTS\Binn\;C:\Program Files\Microsoft SQL Server\130\Tools\Binn\;D:\Go\bin;D:\nodejs\;C:\Program Files\Docker\Docker\resources\bin;C:\ProgramData\DockerDesktop\version-bin;C:\Users\garro\AppData\Local\Programs\Python\Python310\Scripts\;C:\Users\garro\AppData\Local\Programs\Python\Python310\;C:\Users\garro\AppData\Local\Programs\Python\Launcher\;C:\Users\garro\.cargo\bin;C:\Users\garro\AppData\Local\Microsoft\WindowsApps;D:\MicrosoftVSCode\bin;D:\PyCharm\PyCharm Community Edition 2020.1\bin;C:\Users\garro\AppData\Local\Microsoft\WindowsApps;C:\Program Files\MySQL\MySQL8\bin;D:\Selenium;D:\Java\jdk15\bin;C:\Program Files\php-8.0.2;C:\Users\garro\go\bin;C:\Users\garro\AppData\Local\GitHubDesktop\bin;C:\Users\garro\AppData\Roaming\npm;C:\Users\garro\.dotnet\tools;."/>
    <property name="maven.conf" value="C:\Users\garro\AppData\Local\JetBrains\Toolbox\apps\IDEA-U\ch-0\213.5744.223\plugins\maven\lib\maven3/conf"/>
    <property name="jdk.debug" value="release"/>
    <property name="java.class.version" value="61.0"/>
    <property name="java.specification.name" value="Java Platform API Specification"/>
    <property name="sun.management.compiler" value="HotSpot 64-Bit Tiered Compilers"/>
    <property name="os.version" value="10.0"/>
    <property name="user.home" value="C:\Users\garro"/>
    <property name="user.timezone" value="Europe/Paris"/>
    <property name="file.encoding" value="UTF-8"/>
    <property name="java.specification.version" value="17"/>
    <property name="user.name" value="garro"/>
    <property name="java.class.path" value="C:\Users\garro\AppData\Local\JetBrains\Toolbox\apps\IDEA-U\ch-0\213.5744.223\plugins\maven\lib\maven3\boot\plexus-classworlds-2.6.0.jar;C:\Users\garro\AppData\Local\JetBrains\Toolbox\apps\IDEA-U\ch-0\213.5744.223\plugins\maven\lib\maven3\boot\plexus-classworlds.license"/>
    <property name="java.vm.specification.version" value="17"/>
    <property name="sun.arch.data.model" value="64"/>
    <property name="sun.java.command" value="org.codehaus.classworlds.Launcher -Didea.version=2021.3 install"/>
    <property name="java.home" value="C:\Users\garro\.jdks\openjdk-17.0.1"/>
    <property name="user.language" value="fr"/>
    <property name="java.specification.vendor" value="Oracle Corporation"/>
    <property name="java.vm.info" value="mixed mode, sharing"/>
    <property name="java.version" value="17.0.1"/>
    <property name="native.encoding" value="Cp1252"/>
    <property name="java.vendor" value="Oracle Corporation"/>
    <property name="maven.home" value="C:\Users\garro\AppData\Local\JetBrains\Toolbox\apps\IDEA-U\ch-0\213.5744.223\plugins\maven\lib\maven3"/>
    <property name="file.separator" value="\"/>
    <property name="java.version.date" value="2021-10-19"/>
    <property name="java.vendor.url.bug" value="https://bugreport.java.com/bugreport/"/>
    <property name="sun.io.unicode.encoding" value="UnicodeLittle"/>
    <property name="sun.cpu.endian" value="little"/>
    <property name="sun.cpu.isalist" value="amd64"/>
  </properties>
  <testcase classname="_1irda.socket.models.db.ListAuthTest" name="testDeleteNotOk" time="0"/>
  <testcase classname="_1irda.socket.models.db.ListAuthTest" name="testCreateOk" time="0"/>
  <testcase classname="_1irda.socket.models.db.ListAuthTest" name="testUpdateNotOk" time="0"/>
  <testcase classname="_1irda.socket.models.db.ListAuthTest" name="testCreateNotOk" time="0"/>
  <testcase classname="_1irda.socket.models.db.ListAuthTest" name="testLoginOk" time="0"/>
  <testcase classname="_1irda.socket.models.db.ListAuthTest" name="testTestLoginPasswordOk" time="0"/>
  <testcase classname="_1irda.socket.models.db.ListAuthTest" name="testDeleteOk" time="0"/>
  <testcase classname="_1irda.socket.models.db.ListAuthTest" name="testLoginNotOk" time="0"/>
  <testcase classname="_1irda.socket.models.db.ListAuthTest" name="testLoginPasswordNotOk" time="0"/>
  <testcase classname="_1irda.socket.models.db.ListAuthTest" name="testUpdateOk" time="0"/>
</testsuite>